[debug] [2023-06-20T18:26:39.532Z] ----------------------------------------------------------------------
[debug] [2023-06-20T18:26:39.535Z] Command:       /home/momo/.nvm/versions/node/v19.0.1/bin/node /home/momo/.nvm/versions/node/v19.0.1/bin/firebase init
[debug] [2023-06-20T18:26:39.535Z] CLI Version:   12.4.0
[debug] [2023-06-20T18:26:39.536Z] Platform:      linux
[debug] [2023-06-20T18:26:39.536Z] Node Version:  v19.0.1
[debug] [2023-06-20T18:26:39.536Z] Time:          Tue Jun 20 2023 20:26:39 GMT+0200 (Central European Summer Time)
[debug] [2023-06-20T18:26:39.536Z] ----------------------------------------------------------------------
[debug] 
[debug] [2023-06-20T18:26:39.648Z] > command requires scopes: ["email","openid","https://www.googleapis.com/auth/cloudplatformprojects.readonly","https://www.googleapis.com/auth/firebase","https://www.googleapis.com/auth/cloud-platform"]
[debug] [2023-06-20T18:26:39.648Z] > authorizing via signed-in user (sparkeiz684@gmail.com)
[info] 
     ######## #### ########  ######## ########     ###     ######  ########
     ##        ##  ##     ## ##       ##     ##  ##   ##  ##       ##
     ######    ##  ########  ######   ########  #########  ######  ######
     ##        ##  ##    ##  ##       ##     ## ##     ##       ## ##
     ##       #### ##     ## ######## ########  ##     ##  ######  ########

You're about to initialize a Firebase project in this directory:

  /home/momo/YoutubeCHANNEL/Reddit-Clone-Final

Before we get started, keep in mind:

  * You are initializing within an existing Firebase project directory

